<?xml version="1.0" encoding="UTF-8"?>
<!-- Generated by org.testng.reporters.JUnitXMLReporter -->
<testsuite hostname="BDC6-D-429SWV1" name="Command line test" tests="19" failures="0" timestamp="19 Jul 2016 09:42:37 GMT" time="170.476" errors="0">
  <testcase name="CallBlockerBasicPlus" time="0.003" classname="Voicezone.Main_Function">
    <skipped/>
  </testcase> <!-- CallBlockerBasicPlus -->
  <testcase name="Nomorobo" time="0.0" classname="Voicezone.Main_Function">
    <skipped/>
  </testcase> <!-- Nomorobo -->
  <testcase name="OutBoundCallerid" time="0.0" classname="Voicezone.Main_Function">
    <skipped/>
  </testcase> <!-- OutBoundCallerid -->
  <testcase name="CallBlockerSelect" time="0.001" classname="Voicezone.Main_Function">
    <skipped/>
  </testcase> <!-- CallBlockerSelect -->
  <testcase name="SelectiveCallAcceptance" time="0.001" classname="Voicezone.Main_Function">
    <skipped/>
  </testcase> <!-- SelectiveCallAcceptance -->
  <testcase name="VoicemailTranscription" time="0.0" classname="Voicezone.Main_Function">
    <skipped/>
  </testcase> <!-- VoicemailTranscription -->
  <testcase name="NotifybyEmail" time="0.0" classname="Voicezone.Main_Function">
    <skipped/>
  </testcase> <!-- NotifybyEmail -->
  <testcase name="NotifybyText" time="0.0" classname="Voicezone.Main_Function">
    <skipped/>
  </testcase> <!-- NotifybyText -->
  <testcase name="PinChange" time="0.002" classname="Voicezone.Main_Function">
    <skipped/>
  </testcase> <!-- PinChange -->
  <testcase name="PinSkip" time="0.001" classname="Voicezone.Main_Function">
    <skipped/>
  </testcase> <!-- PinSkip -->
  <testcase name="AnswerAnywhere" time="0.001" classname="Voicezone.Main_Function">
    <skipped/>
  </testcase> <!-- AnswerAnywhere -->
  <testcase name="CallForwardingBusy" time="0.0" classname="Voicezone.Main_Function">
    <skipped/>
  </testcase> <!-- CallForwardingBusy -->
  <testcase name="CallForwardingNoAnswer" time="0.0" classname="Voicezone.Main_Function">
    <skipped/>
  </testcase> <!-- CallForwardingNoAnswer -->
  <testcase name="SelectiveCallForwarding" time="0.0" classname="Voicezone.Main_Function">
    <skipped/>
  </testcase> <!-- SelectiveCallForwarding -->
  <testcase name="CallForwardingUnconditional" time="0.0" classname="Voicezone.Main_Function">
    <skipped/>
  </testcase> <!-- CallForwardingUnconditional -->
  <testcase name="CallWaiting" time="0.0" classname="Voicezone.Main_Function">
    <skipped/>
  </testcase> <!-- CallWaiting -->
  <testcase name="DistinctiveRing" time="165.254" classname="Voicezone.Main_Function"/>
  <testcase name="ThreeWayCalling" time="0.0" classname="Voicezone.Main_Function">
    <skipped/>
  </testcase> <!-- ThreeWayCalling -->
  <testcase name="SpeedDial" time="0.0" classname="Voicezone.Main_Function">
    <skipped/>
  </testcase> <!-- SpeedDial -->
</testsuite> <!-- Command line test -->
